<?xml version="1.0" encoding="UTF-8"?>
<!-- Generated by org.testng.reporters.JUnitXMLReporter -->
<testsuite ignored="0" hostname="MSI" failures="0" tests="19" name="Default test" time="71.542" errors="0" timestamp="2025-11-05T10:09:48 IST">
  <testcase classname="tests.BaseClass" name="clickAllowButton" time="4.37"/>
  <testcase classname="tests.BaseClass" name="clickAllowButtongiven" time="1.354"/>
  <testcase classname="tests.BaseClass" name="clickNextButton" time="8.324"/>
  <testcase classname="tests.BaseClass" name="clickDocumentHome" time="1.859"/>
  <testcase classname="tests.BaseClass" name="openvideo" time="6.683"/>
  <testcase classname="tests.BaseClass" name="clicktutorial" time="4.207"/>
  <testcase classname="tests.BaseClass" name="controllerEnable" time="1.017"/>
  <testcase classname="tests.BaseClass" name="playandpausevideo" time="2.921"/>
  <testcase classname="tests.BaseClass" name="takescreenShot" time="0.768"/>
  <testcase classname="tests.BaseClass" name="controllerEnable1" time="2.261"/>
  <testcase classname="tests.BaseClass" name="videoplayerscreenbaackbtn" time="1.639"/>
  <testcase classname="tests.BaseClass" name="clickDocumentBackbtn" time="1.591"/>
  <testcase classname="tests.BaseClass" name="handleRatingOrNotification" time="1.915"/>
  <testcase classname="tests.BaseClass" name="clicknotificationPermission" time="3.82"/>
  <testcase classname="tests.BaseClass" name="allowNotificationPermission" time="10.754"/>
  <testcase classname="tests.BaseClass" name="profile" time="1.736"/>
  <testcase classname="tests.BaseClass" name="Setting" time="5.699"/>
  <testcase classname="tests.BaseClass" name="pressBack" time="4.975"/>
  <testcase classname="tests.BaseClass" name="Exitbtn" time="0.308"/>
</testsuite> <!-- Default test -->
