<?xml version="1.0" encoding="UTF-8"?>
<testng-results ignored="0" total="16" passed="16" failed="0" skipped="0">
  <reporter-output>
  </reporter-output>
  <suite started-at="2025-11-07T21:11:19 IST" name="Default suite" finished-at="2025-11-07T21:12:11 IST" duration-ms="52360">
    <groups>
    </groups>
    <test started-at="2025-11-07T21:11:19 IST" name="Default test" finished-at="2025-11-07T21:12:11 IST" duration-ms="52360">
      <class name="tests.FileManager">
        <test-method is-config="true" signature="setup()[pri:0, instance:tests.FileManager@1c1bbc4e]" started-at="2025-11-07T21:11:19 IST" name="setup" finished-at="2025-11-07T21:11:25 IST" duration-ms="6484" status="PASS">
          <reporter-output>
          </reporter-output>
        </test-method> <!-- setup -->
        <test-method signature="chaliyeSuruKarteHaiSound()[pri:1, instance:tests.FileManager@1c1bbc4e]" started-at="2025-11-07T21:11:25 IST" name="chaliyeSuruKarteHaiSound" finished-at="2025-11-07T21:11:29 IST" duration-ms="4445" status="PASS">
          <reporter-output>
          </reporter-output>
        </test-method> <!-- chaliyeSuruKarteHaiSound -->
        <test-method signature="AllowBtn()[pri:2, instance:tests.FileManager@1c1bbc4e]" started-at="2025-11-07T21:11:29 IST" name="AllowBtn" finished-at="2025-11-07T21:11:30 IST" duration-ms="796" status="PASS">
          <reporter-output>
          </reporter-output>
        </test-method> <!-- AllowBtn -->
        <test-method signature="AllFileAccess()[pri:3, instance:tests.FileManager@1c1bbc4e]" started-at="2025-11-07T21:11:30 IST" name="AllFileAccess" finished-at="2025-11-07T21:11:33 IST" duration-ms="2254" status="PASS">
          <reporter-output>
          </reporter-output>
        </test-method> <!-- AllFileAccess -->
        <test-method signature="pressBack()[pri:4, instance:tests.FileManager@1c1bbc4e]" started-at="2025-11-07T21:11:33 IST" name="pressBack" finished-at="2025-11-07T21:11:34 IST" duration-ms="1474" status="PASS">
          <reporter-output>
          </reporter-output>
        </test-method> <!-- pressBack -->
        <test-method signature="PermissionScreen()[pri:5, instance:tests.FileManager@1c1bbc4e]" started-at="2025-11-07T21:11:34 IST" name="PermissionScreen" finished-at="2025-11-07T21:11:37 IST" duration-ms="3217" status="PASS">
          <reporter-output>
          </reporter-output>
        </test-method> <!-- PermissionScreen -->
        <test-method signature="Notification()[pri:6, instance:tests.FileManager@1c1bbc4e]" started-at="2025-11-07T21:11:37 IST" name="Notification" finished-at="2025-11-07T21:11:39 IST" duration-ms="1884" status="PASS">
          <reporter-output>
          </reporter-output>
        </test-method> <!-- Notification -->
        <test-method signature="Cleanertab()[pri:7, instance:tests.FileManager@1c1bbc4e]" started-at="2025-11-07T21:11:39 IST" name="Cleanertab" finished-at="2025-11-07T21:11:41 IST" duration-ms="1855" status="PASS">
          <reporter-output>
          </reporter-output>
        </test-method> <!-- Cleanertab -->
        <test-method signature="CleanupFlow()[pri:8, instance:tests.FileManager@1c1bbc4e]" started-at="2025-11-07T21:11:41 IST" name="CleanupFlow" finished-at="2025-11-07T21:11:54 IST" duration-ms="12909" status="PASS">
          <reporter-output>
          </reporter-output>
        </test-method> <!-- CleanupFlow -->
        <test-method signature="Duplicatefile()[pri:9, instance:tests.FileManager@1c1bbc4e]" started-at="2025-11-07T21:11:54 IST" name="Duplicatefile" finished-at="2025-11-07T21:11:54 IST" duration-ms="390" status="PASS">
          <reporter-output>
          </reporter-output>
        </test-method> <!-- Duplicatefile -->
        <test-method signature="Photo()[pri:10, instance:tests.FileManager@1c1bbc4e]" started-at="2025-11-07T21:11:54 IST" name="Photo" finished-at="2025-11-07T21:11:56 IST" duration-ms="1491" status="PASS">
          <reporter-output>
          </reporter-output>
        </test-method> <!-- Photo -->
        <test-method signature="Photoviweall()[pri:11, instance:tests.FileManager@1c1bbc4e]" started-at="2025-11-07T21:11:56 IST" name="Photoviweall" finished-at="2025-11-07T21:11:58 IST" duration-ms="2602" status="PASS">
          <reporter-output>
          </reporter-output>
        </test-method> <!-- Photoviweall -->
        <test-method signature="Photoseleteall()[pri:12, instance:tests.FileManager@1c1bbc4e]" started-at="2025-11-07T21:11:58 IST" name="Photoseleteall" finished-at="2025-11-07T21:11:59 IST" duration-ms="1030" status="PASS">
          <reporter-output>
          </reporter-output>
        </test-method> <!-- Photoseleteall -->
        <test-method signature="Deleteduplicate()[pri:13, instance:tests.FileManager@1c1bbc4e]" started-at="2025-11-07T21:11:59 IST" name="Deleteduplicate" finished-at="2025-11-07T21:12:01 IST" duration-ms="1335" status="PASS">
          <reporter-output>
          </reporter-output>
        </test-method> <!-- Deleteduplicate -->
        <test-method signature="Movetotrash()[pri:14, instance:tests.FileManager@1c1bbc4e]" started-at="2025-11-07T21:12:01 IST" name="Movetotrash" finished-at="2025-11-07T21:12:02 IST" duration-ms="1362" status="PASS">
          <reporter-output>
          </reporter-output>
        </test-method> <!-- Movetotrash -->
        <test-method signature="Afterdelete()[pri:15, instance:tests.FileManager@1c1bbc4e]" started-at="2025-11-07T21:12:02 IST" name="Afterdelete" finished-at="2025-11-07T21:12:04 IST" duration-ms="1612" status="PASS">
          <reporter-output>
          </reporter-output>
        </test-method> <!-- Afterdelete -->
        <test-method signature="pressBack1()[pri:16, instance:tests.FileManager@1c1bbc4e]" started-at="2025-11-07T21:12:04 IST" name="pressBack1" finished-at="2025-11-07T21:12:11 IST" duration-ms="7096" status="PASS">
          <reporter-output>
          </reporter-output>
        </test-method> <!-- pressBack1 -->
        <test-method is-config="true" signature="teardown()[pri:0, instance:tests.FileManager@1c1bbc4e]" started-at="2025-11-07T21:12:11 IST" name="teardown" finished-at="2025-11-07T21:12:11 IST" duration-ms="1" status="PASS">
          <reporter-output>
          </reporter-output>
        </test-method> <!-- teardown -->
      </class> <!-- tests.FileManager -->
    </test> <!-- Default test -->
  </suite> <!-- Default suite -->
</testng-results>
