<?xml version="1.0" encoding="UTF-8"?>
<!-- Generated by org.testng.reporters.JUnitReportReporter -->
<testsuite hostname="MSI" failures="0" tests="15" name="tests.VideoPlayerNotification" time="62.349" errors="1" timestamp="2025-11-07T21:10:06 IST" skipped="0">
  <testcase classname="tests.VideoPlayerNotification" name="chaloBhaiSound" time="7.327"/>
  <testcase classname="tests.VideoPlayerNotification" name="clickAllowButton" time="0.428"/>
  <testcase classname="tests.VideoPlayerNotification" name="clickAllowButtongiven" time="1.611"/>
  <testcase classname="tests.VideoPlayerNotification" name="clickNextButton" time="8.008"/>
  <testcase classname="tests.VideoPlayerNotification" name="profile" time="2.367"/>
  <testcase classname="tests.VideoPlayerNotification" name="Setting" time="8.652"/>
  <testcase classname="tests.VideoPlayerNotification" name="NotificationOpen" time="2.197"/>
  <testcase classname="tests.VideoPlayerNotification" name="Notificationtoggel" time="1.598"/>
  <testcase classname="tests.VideoPlayerNotification" name="NotificationBototmSheet" time="1.051"/>
  <testcase classname="tests.VideoPlayerNotification" name="NotificationGivenPermission" time="11.568"/>
  <testcase classname="tests.VideoPlayerNotification" name="invokeNotification" time="4.079"/>
  <testcase classname="tests.VideoPlayerNotification" name="pressBack" time="0.289"/>
  <testcase classname="tests.VideoPlayerNotification" name="backDialog" time="2.284"/>
  <testcase classname="tests.VideoPlayerNotification" name="pressBack1" time="10.857">
    <error message="&#039;POST /appium/device/press_keycode&#039; cannot be proxied to UiAutomator2 server because the instrumentation process is not running (probably crashed). Check the server log and/or the logcat output for more details
Build info: version: &#039;4.35.0&#039;, revision: &#039;1c58e5028b&#039;
System info: os.name: &#039;Windows 11&#039;, os.arch: &#039;amd64&#039;, os.version: &#039;10.0&#039;, java.version: &#039;21.0.7&#039;
Driver info: io.appium.java_client.android.AndroidDriver
Command: [4cee78a5-81a4-4a39-9789-364b66559723, executeScript {args=[{keycode=4}], script=mobile: pressKey}]
Capabilities {appium:appActivity: com.rocks.music.videoplayer..., appium:appPackage: com.rocks.music.videoplayer, appium:automationName: UiAutomator2, appium:databaseEnabled: false, appium:desired: {appActivity: com.rocks.music.videoplayer..., appPackage: com.rocks.music.videoplayer, automationName: UiAutomator2, deviceName: ffac23575ec0a, platformName: ANDROID, platformVersion: 15}, appium:deviceApiLevel: 35, appium:deviceManufacturer: Xiaomi, appium:deviceModel: 23076PC4BI, appium:deviceName: ffac23575ec0, appium:deviceScreenDensity: 440, appium:deviceScreenSize: 1080x2460, appium:deviceUDID: ffac23575ec0, appium:javascriptEnabled: true, appium:locationContextEnabled: false, appium:networkConnectionEnabled: true, appium:pixelRatio: 2.75, appium:platformVersion: 15, appium:statBarHeight: 118, appium:takesScreenshot: true, appium:viewportRect: {height: 2342, left: 0, top: 118, width: 1080}, appium:warnings: {}, appium:webStorageEnabled: false, platformName: ANDROID}
Session ID: 4cee78a5-81a4-4a39-9789-364b66559723" type="org.openqa.selenium.WebDriverException">
      <![CDATA[org.openqa.selenium.WebDriverException: 'POST /appium/device/press_keycode' cannot be proxied to UiAutomator2 server because the instrumentation process is not running (probably crashed). Check the server log and/or the logcat output for more details
Build info: version: '4.35.0', revision: '1c58e5028b'
System info: os.name: 'Windows 11', os.arch: 'amd64', os.version: '10.0', java.version: '21.0.7'
Driver info: io.appium.java_client.android.AndroidDriver
Command: [4cee78a5-81a4-4a39-9789-364b66559723, executeScript {args=[{keycode=4}], script=mobile: pressKey}]
Capabilities {appium:appActivity: com.rocks.music.videoplayer..., appium:appPackage: com.rocks.music.videoplayer, appium:automationName: UiAutomator2, appium:databaseEnabled: false, appium:desired: {appActivity: com.rocks.music.videoplayer..., appPackage: com.rocks.music.videoplayer, automationName: UiAutomator2, deviceName: ffac23575ec0a, platformName: ANDROID, platformVersion: 15}, appium:deviceApiLevel: 35, appium:deviceManufacturer: Xiaomi, appium:deviceModel: 23076PC4BI, appium:deviceName: ffac23575ec0, appium:deviceScreenDensity: 440, appium:deviceScreenSize: 1080x2460, appium:deviceUDID: ffac23575ec0, appium:javascriptEnabled: true, appium:locationContextEnabled: false, appium:networkConnectionEnabled: true, appium:pixelRatio: 2.75, appium:platformVersion: 15, appium:statBarHeight: 118, appium:takesScreenshot: true, appium:viewportRect: {height: 2342, left: 0, top: 118, width: 1080}, appium:warnings: {}, appium:webStorageEnabled: false, platformName: ANDROID}
Session ID: 4cee78a5-81a4-4a39-9789-364b66559723
at java.base/jdk.internal.reflect.DirectConstructorHandleAccessor.newInstance(DirectConstructorHandleAccessor.java:62)
at java.base/java.lang.reflect.Constructor.newInstanceWithCaller(Constructor.java:502)
at java.base/java.lang.reflect.Constructor.newInstance(Constructor.java:486)
at org.openqa.selenium.remote.ErrorCodec.decode(ErrorCodec.java:167)
at org.openqa.selenium.remote.codec.w3c.W3CHttpResponseCodec.decode(W3CHttpResponseCodec.java:138)
at org.openqa.selenium.remote.codec.w3c.W3CHttpResponseCodec.decode(W3CHttpResponseCodec.java:50)
at org.openqa.selenium.remote.HttpCommandExecutor.execute(HttpCommandExecutor.java:215)
at io.appium.java_client.remote.AppiumCommandExecutor.execute(AppiumCommandExecutor.java:243)
at org.openqa.selenium.remote.RemoteWebDriver.execute(RemoteWebDriver.java:557)
at org.openqa.selenium.remote.RemoteWebDriver.execute(RemoteWebDriver.java:630)
at io.appium.java_client.AppiumDriver.execute(AppiumDriver.java:225)
at io.appium.java_client.CommandExecutionHelper.execute(CommandExecutionHelper.java:36)
at io.appium.java_client.CommandExecutionHelper.executeScript(CommandExecutionHelper.java:67)
at io.appium.java_client.android.nativekey.PressesKey.pressKey(PressesKey.java:40)
at tests.VideoPlayerNotification.pressBack1(VideoPlayerNotification.java:293)
at java.base/jdk.internal.reflect.DirectMethodHandleAccessor.invoke(DirectMethodHandleAccessor.java:103)
at java.base/java.lang.reflect.Method.invoke(Method.java:580)
at org.testng.internal.invokers.MethodInvocationHelper.invokeMethod(MethodInvocationHelper.java:141)
at org.testng.internal.invokers.TestInvoker.invokeMethod(TestInvoker.java:687)
at org.testng.internal.invokers.TestInvoker.invokeTestMethod(TestInvoker.java:230)
at org.testng.internal.invokers.MethodRunner.runInSequence(MethodRunner.java:63)
at org.testng.internal.invokers.TestInvoker$MethodInvocationAgent.invoke(TestInvoker.java:995)
at org.testng.internal.invokers.TestInvoker.invokeTestMethods(TestInvoker.java:203)
at org.testng.internal.invokers.TestMethodWorker.invokeTestMethods(TestMethodWorker.java:154)
at org.testng.internal.invokers.TestMethodWorker.run(TestMethodWorker.java:134)
at java.base/java.util.ArrayList.forEach(ArrayList.java:1596)
at org.testng.TestRunner.privateRun(TestRunner.java:741)
at org.testng.TestRunner.run(TestRunner.java:616)
at org.testng.SuiteRunner.runTest(SuiteRunner.java:421)
at org.testng.SuiteRunner.runSequentially(SuiteRunner.java:413)
at org.testng.SuiteRunner.privateRun(SuiteRunner.java:373)
at org.testng.SuiteRunner.run(SuiteRunner.java:312)
at org.testng.SuiteRunnerWorker.runSuite(SuiteRunnerWorker.java:52)
at org.testng.SuiteRunnerWorker.run(SuiteRunnerWorker.java:95)
at org.testng.TestNG.runSuitesSequentially(TestNG.java:1274)
at org.testng.TestNG.runSuitesLocally(TestNG.java:1208)
at org.testng.TestNG.runSuites(TestNG.java:1112)
at org.testng.TestNG.run(TestNG.java:1079)
at org.testng.remote.AbstractRemoteTestNG.run(AbstractRemoteTestNG.java:115)
at org.testng.remote.RemoteTestNG.initAndRun(RemoteTestNG.java:293)
at org.testng.remote.RemoteTestNG.main(RemoteTestNG.java:91)
]]>
    </error>
  </testcase> <!-- pressBack1 -->
  <testcase classname="tests.VideoPlayerNotification" name="Exitbtn" time="0.033"/>
</testsuite> <!-- tests.VideoPlayerNotification -->
