<?xml version="1.0" encoding="UTF-8"?>
<!-- Generated by org.testng.reporters.JUnitReportReporter -->
<testsuite hostname="MSI" failures="0" tests="23" name="tests.BaseClass" time="129.347" errors="0" timestamp="2025-11-07T21:07:44 IST" skipped="0">
  <testcase classname="tests.BaseClass" name="chaloBhaiSound" time="7.383"/>
  <testcase classname="tests.BaseClass" name="clickAllowButton" time="0.493"/>
  <testcase classname="tests.BaseClass" name="clickAllowButtongiven" time="1.715"/>
  <testcase classname="tests.BaseClass" name="clickNextButton" time="9.763"/>
  <testcase classname="tests.BaseClass" name="clickDocumentHome" time="1.809"/>
  <testcase classname="tests.BaseClass" name="openvideo" time="6.761"/>
  <testcase classname="tests.BaseClass" name="clicktutorial" time="4.828"/>
  <testcase classname="tests.BaseClass" name="controllerEnable" time="0.799"/>
  <testcase classname="tests.BaseClass" name="playandpausevideo" time="42.035"/>
  <testcase classname="tests.BaseClass" name="takescreenShot" time="3.804"/>
  <testcase classname="tests.BaseClass" name="controllerEnable1" time="0.282"/>
  <testcase classname="tests.BaseClass" name="videoplayerscreenbaackbtn" time="4.326"/>
  <testcase classname="tests.BaseClass" name="clickDocumentBackbtn" time="4.785"/>
  <testcase classname="tests.BaseClass" name="handleRatingOrNotification" time="2.011"/>
  <testcase classname="tests.BaseClass" name="clickDocumentHome1" time="2.045"/>
  <testcase classname="tests.BaseClass" name="clickDocumentBackbtn1" time="2.500"/>
  <testcase classname="tests.BaseClass" name="clicknotificationPermission" time="0.252"/>
  <testcase classname="tests.BaseClass" name="allowNotificationPermission" time="11.154"/>
  <testcase classname="tests.BaseClass" name="profile" time="1.001"/>
  <testcase classname="tests.BaseClass" name="Setting" time="8.757"/>
  <testcase classname="tests.BaseClass" name="pressBack" time="5.871"/>
  <testcase classname="tests.BaseClass" name="sound" time="6.559"/>
  <testcase classname="tests.BaseClass" name="Exitbtn" time="0.414"/>
</testsuite> <!-- tests.BaseClass -->
