<?xml version="1.0" encoding="UTF-8"?>
<!-- Generated by org.testng.reporters.JUnitReportReporter -->
<testsuite hostname="MSI" failures="0" tests="16" name="tests.FileManager" time="45.752" errors="0" timestamp="2025-11-07T21:12:11 IST" skipped="0">
  <testcase classname="tests.FileManager" name="chaliyeSuruKarteHaiSound" time="4.445"/>
  <testcase classname="tests.FileManager" name="AllowBtn" time="0.796"/>
  <testcase classname="tests.FileManager" name="AllFileAccess" time="2.254"/>
  <testcase classname="tests.FileManager" name="pressBack" time="1.474"/>
  <testcase classname="tests.FileManager" name="PermissionScreen" time="3.217"/>
  <testcase classname="tests.FileManager" name="Notification" time="1.884"/>
  <testcase classname="tests.FileManager" name="Cleanertab" time="1.855"/>
  <testcase classname="tests.FileManager" name="CleanupFlow" time="12.909"/>
  <testcase classname="tests.FileManager" name="Duplicatefile" time="0.390"/>
  <testcase classname="tests.FileManager" name="Photo" time="1.491"/>
  <testcase classname="tests.FileManager" name="Photoviweall" time="2.602"/>
  <testcase classname="tests.FileManager" name="Photoseleteall" time="1.030"/>
  <testcase classname="tests.FileManager" name="Deleteduplicate" time="1.335"/>
  <testcase classname="tests.FileManager" name="Movetotrash" time="1.362"/>
  <testcase classname="tests.FileManager" name="Afterdelete" time="1.612"/>
  <testcase classname="tests.FileManager" name="pressBack1" time="7.096"/>
</testsuite> <!-- tests.FileManager -->
